2023-03-03 13:45:48: == Sincronização iniciada por User Command
2023-03-03 13:45:48: Copiar novo 'C:/respositoriosEclipse/tin0222/src/ExemploPrintln.java' -> 'C:/Users/angel/Documents/OneDrive2022/OneDrive/CENTEC/CLEVERSON/05 Linguagem de Programação/TIN 02-22/TIN_02-22_LinguagemDeProgramação/repositorioCodigos/ExemploPrintln.java' (175)
2023-03-03 13:45:48: Copiar novo 'C:/respositoriosEclipse/tin0222/src/ExemploPrintf.java' -> 'C:/Users/angel/Documents/OneDrive2022/OneDrive/CENTEC/CLEVERSON/05 Linguagem de Programação/TIN 02-22/TIN_02-22_LinguagemDeProgramação/repositorioCodigos/ExemploPrintf.java' (302)
2023-03-03 13:45:48: Copiar novo 'C:/respositoriosEclipse/tin0222/src/ExemploScanner.java' -> 'C:/Users/angel/Documents/OneDrive2022/OneDrive/CENTEC/CLEVERSON/05 Linguagem de Programação/TIN 02-22/TIN_02-22_LinguagemDeProgramação/repositorioCodigos/ExemploScanner.java' (463)
2023-03-03 13:45:48: Copiar novo 'C:/respositoriosEclipse/tin0222/src/LE03_Q01_Rev02.java' -> 'C:/Users/angel/Documents/OneDrive2022/OneDrive/CENTEC/CLEVERSON/05 Linguagem de Programação/TIN 02-22/TIN_02-22_LinguagemDeProgramação/repositorioCodigos/LE03_Q01_Rev02.java' (457)
2023-03-03 13:45:48: Copiar novo 'C:/respositoriosEclipse/tin0222/src/LE03_Q01_Rev01.java' -> 'C:/Users/angel/Documents/OneDrive2022/OneDrive/CENTEC/CLEVERSON/05 Linguagem de Programação/TIN 02-22/TIN_02-22_LinguagemDeProgramação/repositorioCodigos/LE03_Q01_Rev01.java' (446)
2023-03-03 13:45:48: Copiar novo 'C:/respositoriosEclipse/tin0222/src/LE03_Q01_Rev03.java' -> 'C:/Users/angel/Documents/OneDrive2022/OneDrive/CENTEC/CLEVERSON/05 Linguagem de Programação/TIN 02-22/TIN_02-22_LinguagemDeProgramação/repositorioCodigos/LE03_Q01_Rev03.java' (438)
2023-03-03 13:45:48: Copiar novo 'C:/respositoriosEclipse/tin0222/src/LE03_Q02_Rev01.java' -> 'C:/Users/angel/Documents/OneDrive2022/OneDrive/CENTEC/CLEVERSON/05 Linguagem de Programação/TIN 02-22/TIN_02-22_LinguagemDeProgramação/repositorioCodigos/LE03_Q02_Rev01.java' (407)
2023-03-03 13:45:48: Copiar novo 'C:/respositoriosEclipse/tin0222/src/LE03_Q02_Rev02.java' -> 'C:/Users/angel/Documents/OneDrive2022/OneDrive/CENTEC/CLEVERSON/05 Linguagem de Programação/TIN 02-22/TIN_02-22_LinguagemDeProgramação/repositorioCodigos/LE03_Q02_Rev02.java' (411)
2023-03-03 13:45:48: Copiar novo 'C:/respositoriosEclipse/tin0222/src/LE03_Q02_Rev03.java' -> 'C:/Users/angel/Documents/OneDrive2022/OneDrive/CENTEC/CLEVERSON/05 Linguagem de Programação/TIN 02-22/TIN_02-22_LinguagemDeProgramação/repositorioCodigos/LE03_Q02_Rev03.java' (442)
2023-03-03 13:45:48: Copiar novo 'C:/respositoriosEclipse/tin0222/src/LE03_Q03_Rev01.java' -> 'C:/Users/angel/Documents/OneDrive2022/OneDrive/CENTEC/CLEVERSON/05 Linguagem de Programação/TIN 02-22/TIN_02-22_LinguagemDeProgramação/repositorioCodigos/LE03_Q03_Rev01.java' (558)
2023-03-03 13:45:49: Copiar novo 'C:/respositoriosEclipse/tin0222/src/LE03_Q03_Rev02.java' -> 'C:/Users/angel/Documents/OneDrive2022/OneDrive/CENTEC/CLEVERSON/05 Linguagem de Programação/TIN 02-22/TIN_02-22_LinguagemDeProgramação/repositorioCodigos/LE03_Q03_Rev02.java' (608)
2023-03-03 13:45:49: Copiar novo 'C:/respositoriosEclipse/tin0222/src/LE03_Q03_Rev03.java' -> 'C:/Users/angel/Documents/OneDrive2022/OneDrive/CENTEC/CLEVERSON/05 Linguagem de Programação/TIN 02-22/TIN_02-22_LinguagemDeProgramação/repositorioCodigos/LE03_Q03_Rev03.java' (587)
2023-03-03 13:45:49: Copiar novo 'C:/respositoriosEclipse/tin0222/src/LE03_Q04_Rev01.java' -> 'C:/Users/angel/Documents/OneDrive2022/OneDrive/CENTEC/CLEVERSON/05 Linguagem de Programação/TIN 02-22/TIN_02-22_LinguagemDeProgramação/repositorioCodigos/LE03_Q04_Rev01.java' (873)
2023-03-03 13:45:49: Copiar novo 'C:/respositoriosEclipse/tin0222/src/LE03_Q04_Rev03.java' -> 'C:/Users/angel/Documents/OneDrive2022/OneDrive/CENTEC/CLEVERSON/05 Linguagem de Programação/TIN 02-22/TIN_02-22_LinguagemDeProgramação/repositorioCodigos/LE03_Q04_Rev03.java' (908)
2023-03-03 13:45:49: Copiar novo 'C:/respositoriosEclipse/tin0222/src/LE03_Q04_Rev02.java' -> 'C:/Users/angel/Documents/OneDrive2022/OneDrive/CENTEC/CLEVERSON/05 Linguagem de Programação/TIN 02-22/TIN_02-22_LinguagemDeProgramação/repositorioCodigos/LE03_Q04_Rev02.java' (896)
2023-03-03 13:45:49: Copiar novo 'C:/respositoriosEclipse/tin0222/src/LE03_Q05_Rev01.java' -> 'C:/Users/angel/Documents/OneDrive2022/OneDrive/CENTEC/CLEVERSON/05 Linguagem de Programação/TIN 02-22/TIN_02-22_LinguagemDeProgramação/repositorioCodigos/LE03_Q05_Rev01.java' (582)
2023-03-03 13:45:49: Copiar novo 'C:/respositoriosEclipse/tin0222/src/LE03_Q07_Rev01.java' -> 'C:/Users/angel/Documents/OneDrive2022/OneDrive/CENTEC/CLEVERSON/05 Linguagem de Programação/TIN 02-22/TIN_02-22_LinguagemDeProgramação/repositorioCodigos/LE03_Q07_Rev01.java' (675)
2023-03-03 13:45:49: Copiar novo 'C:/respositoriosEclipse/tin0222/src/LE03_Q06_Rev01.java' -> 'C:/Users/angel/Documents/OneDrive2022/OneDrive/CENTEC/CLEVERSON/05 Linguagem de Programação/TIN 02-22/TIN_02-22_LinguagemDeProgramação/repositorioCodigos/LE03_Q06_Rev01.java' (601)
2023-03-03 13:45:49: Copiar novo 'C:/respositoriosEclipse/tin0222/src/LE03_Q08_Rev01.java' -> 'C:/Users/angel/Documents/OneDrive2022/OneDrive/CENTEC/CLEVERSON/05 Linguagem de Programação/TIN 02-22/TIN_02-22_LinguagemDeProgramação/repositorioCodigos/LE03_Q08_Rev01.java' (687)
2023-03-03 13:45:49: Copiar novo 'C:/respositoriosEclipse/tin0222/src/LE03_Q09_Rev01.java' -> 'C:/Users/angel/Documents/OneDrive2022/OneDrive/CENTEC/CLEVERSON/05 Linguagem de Programação/TIN 02-22/TIN_02-22_LinguagemDeProgramação/repositorioCodigos/LE03_Q09_Rev01.java' (918)
2023-03-03 13:45:49: Copiar novo 'C:/respositoriosEclipse/tin0222/src/LE03_Q10_Rev01.java' -> 'C:/Users/angel/Documents/OneDrive2022/OneDrive/CENTEC/CLEVERSON/05 Linguagem de Programação/TIN 02-22/TIN_02-22_LinguagemDeProgramação/repositorioCodigos/LE03_Q10_Rev01.java' (625)
2023-03-03 13:45:49: Copiar novo 'C:/respositoriosEclipse/tin0222/src/LE03_Q11_Rev01.java' -> 'C:/Users/angel/Documents/OneDrive2022/OneDrive/CENTEC/CLEVERSON/05 Linguagem de Programação/TIN 02-22/TIN_02-22_LinguagemDeProgramação/repositorioCodigos/LE03_Q11_Rev01.java' (1,061)
2023-03-03 13:45:49: Copiar novo 'C:/respositoriosEclipse/tin0222/src/LE03_Q13_Rev01.java' -> 'C:/Users/angel/Documents/OneDrive2022/OneDrive/CENTEC/CLEVERSON/05 Linguagem de Programação/TIN 02-22/TIN_02-22_LinguagemDeProgramação/repositorioCodigos/LE03_Q13_Rev01.java' (666)
2023-03-03 13:45:49: Copiar novo 'C:/respositoriosEclipse/tin0222/src/LE03_Q12_Rev01.java' -> 'C:/Users/angel/Documents/OneDrive2022/OneDrive/CENTEC/CLEVERSON/05 Linguagem de Programação/TIN 02-22/TIN_02-22_LinguagemDeProgramação/repositorioCodigos/LE03_Q12_Rev01.java' (632)
2023-03-03 13:45:49: Copiar novo 'C:/respositoriosEclipse/tin0222/src/LE03_Q14_Rev01.java' -> 'C:/Users/angel/Documents/OneDrive2022/OneDrive/CENTEC/CLEVERSON/05 Linguagem de Programação/TIN 02-22/TIN_02-22_LinguagemDeProgramação/repositorioCodigos/LE03_Q14_Rev01.java' (1,079)
2023-03-03 13:45:49: Copiar novo 'C:/respositoriosEclipse/tin0222/src/LE04_Q01_Rev01.java' -> 'C:/Users/angel/Documents/OneDrive2022/OneDrive/CENTEC/CLEVERSON/05 Linguagem de Programação/TIN 02-22/TIN_02-22_LinguagemDeProgramação/repositorioCodigos/LE04_Q01_Rev01.java' (1,143)
2023-03-03 13:45:49: Copiar novo 'C:/respositoriosEclipse/tin0222/src/LE03_Q15_Rev01.java' -> 'C:/Users/angel/Documents/OneDrive2022/OneDrive/CENTEC/CLEVERSON/05 Linguagem de Programação/TIN 02-22/TIN_02-22_LinguagemDeProgramação/repositorioCodigos/LE03_Q15_Rev01.java' (897)
2023-03-03 13:45:49: Copiar novo 'C:/respositoriosEclipse/tin0222/src/LE04_Q01_Rev02.java' -> 'C:/Users/angel/Documents/OneDrive2022/OneDrive/CENTEC/CLEVERSON/05 Linguagem de Programação/TIN 02-22/TIN_02-22_LinguagemDeProgramação/repositorioCodigos/LE04_Q01_Rev02.java' (1,209)
2023-03-03 13:45:49: == Sincronização concluída. Tempo: 00:00:01, Velocidade: 0.00/s, OK: 31, Erros: 0
